#
# There is insufficient memory for the Java Runtime Environment to continue.
# Native memory allocation (malloc) failed to allocate 208896 bytes for Chunk::new
# Possible reasons:
#   The system is out of physical RAM or swap space
#   In 32 bit mode, the process size limit was hit
# Possible solutions:
#   Reduce memory load on the system
#   Increase physical memory or swap space
#   Check if swap backing store is full
#   Use 64 bit Java on a 64 bit OS
#   Decrease Java heap size (-Xmx/-Xms)
#   Decrease number of Java threads
#   Decrease Java thread stack sizes (-Xss)
#   Set larger code cache with -XX:ReservedCodeCacheSize=
# This output file may be truncated or incomplete.
#
#  Out of Memory Error (allocation.cpp:390), pid=13808, tid=7624
#
# JRE version: Java(TM) SE Runtime Environment (8.0_25-b18) (build 1.8.0_25-b18)
# Java VM: Java HotSpot(TM) 64-Bit Server VM (25.25-b02 mixed mode windows-amd64 compressed oops)
# Failed to write core dump. Minidumps are not enabled by default on client versions of Windows
#

---------------  T H R E A D  ---------------

Current thread (0x000000001791d800):  JavaThread "C2 CompilerThread0" daemon [_thread_in_native, id=7624, stack(0x0000000018e70000,0x0000000018f70000)]

Stack: [0x0000000018e70000,0x0000000018f70000]
Native frames: (J=compiled Java code, j=interpreted, Vv=VM code, C=native code)
V  [jvm.dll+0x31667a]


Current CompileTask:
C2:  16233 4663       4       java.lang.String::getBytes (27 bytes)


---------------  P R O C E S S  ---------------

Java Threads: ( => current thread )
  0x0000000019a19000 JavaThread "qtp689140691-20" [_thread_blocked, id=13848, stack(0x00000000200d0000,0x00000000201d0000)]
  0x000000001a9b4000 JavaThread "qtp689140691-19" [_thread_blocked, id=10832, stack(0x000000001ffd0000,0x00000000200d0000)]
  0x000000001a204800 JavaThread "qtp689140691-17" [_thread_in_vm, id=4684, stack(0x000000001fdd0000,0x000000001fed0000)]
  0x0000000019565000 JavaThread "qtp689140691-14" [_thread_in_native, id=5220, stack(0x000000001e090000,0x000000001e190000)]
  0x000000001bdda800 JavaThread "ShutdownMonitor" daemon [_thread_in_native, id=13964, stack(0x000000001dd60000,0x000000001de60000)]
  0x000000001923e000 JavaThread "Monitor Ctrl-Break" daemon [_thread_in_native, id=11348, stack(0x0000000019770000,0x0000000019870000)]
  0x000000001797e000 JavaThread "Service Thread" daemon [_thread_blocked, id=13680, stack(0x0000000019570000,0x0000000019670000)]
  0x0000000017924800 JavaThread "C1 CompilerThread2" daemon [_thread_blocked, id=12592, stack(0x0000000019070000,0x0000000019170000)]
  0x000000001791f800 JavaThread "C2 CompilerThread1" daemon [_thread_in_native, id=13652, stack(0x0000000018f70000,0x0000000019070000)]
=>0x000000001791d800 JavaThread "C2 CompilerThread0" daemon [_thread_in_native, id=7624, stack(0x0000000018e70000,0x0000000018f70000)]
  0x000000001791b800 JavaThread "Attach Listener" daemon [_thread_blocked, id=10112, stack(0x0000000018d70000,0x0000000018e70000)]
  0x000000001791a800 JavaThread "Signal Dispatcher" daemon [_thread_blocked, id=8972, stack(0x0000000018c70000,0x0000000018d70000)]
  0x0000000002df5000 JavaThread "Finalizer" daemon [_thread_blocked, id=1892, stack(0x0000000018b70000,0x0000000018c70000)]
  0x0000000002dec000 JavaThread "Reference Handler" daemon [_thread_blocked, id=9188, stack(0x0000000018a70000,0x0000000018b70000)]
  0x0000000002d00800 JavaThread "main" [_thread_blocked, id=10716, stack(0x0000000002b60000,0x0000000002c60000)]

Other Threads:
  0x00000000178e5000 VMThread [stack: 0x0000000018970000,0x0000000018a70000] [id=12816]
  0x000000001919a000 WatcherThread [stack: 0x0000000019670000,0x0000000019770000] [id=6576]

VM state:not at safepoint (normal execution)

VM Mutex/Monitor currently owned by a thread: None

Heap:
 PSYoungGen      total 196608K, used 3696K [0x00000000d5f80000, 0x00000000e5600000, 0x0000000100000000)
  eden space 173056K, 2% used [0x00000000d5f80000,0x00000000d631c380,0x00000000e0880000)
  from space 23552K, 0% used [0x00000000e0880000,0x00000000e0880000,0x00000000e1f80000)
  to   space 13824K, 0% used [0x00000000e1f80000,0x00000000e1f80000,0x00000000e2d00000)
 ParOldGen       total 80384K, used 69891K [0x0000000081e00000, 0x0000000086c80000, 0x00000000d5f80000)
  object space 80384K, 86% used [0x0000000081e00000,0x0000000086240e98,0x0000000086c80000)
 Metaspace       used 26757K, capacity 27450K, committed 27776K, reserved 1073152K
  class space    used 3179K, capacity 3379K, committed 3456K, reserved 1048576K

Card table byte_map: [0x00000000121c0000,0x00000000125c0000] byte_map_base: 0x0000000011db1000

Marking Bits: (ParMarkBitMap*) 0x000000006f3cd490
 Begin Bits: [0x0000000012c70000, 0x0000000014bf8000)
 End Bits:   [0x0000000014bf8000, 0x0000000016b80000)

Polling page: 0x0000000001390000

CodeCache: size=245760Kb used=14431Kb max_used=14882Kb free=231329Kb
 bounds [0x0000000002e00000, 0x0000000003ce0000, 0x0000000011e00000]
 total_blobs=4362 nmethods=3965 adapters=310
 compilation: enabled

Compilation events (10 events):
Event: 15.975 Thread 0x000000001791d800 nmethod 4097 0x0000000003cd2ad0 code [0x0000000003cd2f60, 0x0000000003cd8258]
Event: 15.976 Thread 0x000000001791d800 4644       4       java.util.zip.ZipEntry::<init> (74 bytes)
Event: 15.977 Thread 0x000000001791d800 nmethod 4644 0x000000000333f810 code [0x000000000333f940, 0x000000000333fa18]
Event: 15.978 Thread 0x000000001791d800 4652  s    4       java.util.jar.JarFile::getInputStream (89 bytes)
Event: 15.981 Thread 0x000000001791f800 nmethod 4645 0x00000000035f4290 code [0x00000000035f44a0, 0x00000000035f50a8]
Event: 15.982 Thread 0x000000001791f800 4653       4       java.nio.charset.Charset::atBugLevel (44 bytes)
Event: 15.983 Thread 0x000000001791f800 nmethod 4653 0x00000000035320d0 code [0x0000000003532200, 0x0000000003532358]
Event: 15.983 Thread 0x000000001791f800 4642   !   4       java.lang.StringCoding::encode (120 bytes)
Event: 16.215 Thread 0x000000001791d800 nmethod 4652 0x00000000030e3910 code [0x00000000030e3ac0, 0x00000000030e42e0]
Event: 16.217 Thread 0x000000001791d800 4663       4       java.lang.String::getBytes (27 bytes)

GC Heap History (10 events):
Event: 5.830 GC heap before
{Heap before GC invocations=7 (full 1):
 PSYoungGen      total 146432K, used 8615K [0x00000000d5f80000, 0x00000000dfd80000, 0x0000000100000000)
  eden space 133120K, 0% used [0x00000000d5f80000,0x00000000d5f80000,0x00000000de180000)
  from space 13312K, 64% used [0x00000000df080000,0x00000000df8e9d68,0x00000000dfd80000)
  to   space 14336K, 0% used [0x00000000de180000,0x00000000de180000,0x00000000def80000)
 ParOldGen       total 87552K, used 17286K [0x0000000081e00000, 0x0000000087380000, 0x00000000d5f80000)
  object space 87552K, 19% used [0x0000000081e00000,0x0000000082ee1bb8,0x0000000087380000)
 Metaspace       used 20703K, capacity 21178K, committed 21296K, reserved 1069056K
  class space    used 2480K, capacity 2618K, committed 2688K, reserved 1048576K
Event: 5.925 GC heap after
Heap after GC invocations=7 (full 1):
 PSYoungGen      total 146432K, used 0K [0x00000000d5f80000, 0x00000000dfd80000, 0x0000000100000000)
  eden space 133120K, 0% used [0x00000000d5f80000,0x00000000d5f80000,0x00000000de180000)
  from space 13312K, 0% used [0x00000000df080000,0x00000000df080000,0x00000000dfd80000)
  to   space 14336K, 0% used [0x00000000de180000,0x00000000de180000,0x00000000def80000)
 ParOldGen       total 80384K, used 17727K [0x0000000081e00000, 0x0000000086c80000, 0x00000000d5f80000)
  object space 80384K, 22% used [0x0000000081e00000,0x0000000082f4fc60,0x0000000086c80000)
 Metaspace       used 20703K, capacity 21178K, committed 21296K, reserved 1069056K
  class space    used 2480K, capacity 2618K, committed 2688K, reserved 1048576K
}
Event: 13.228 GC heap before
{Heap before GC invocations=8 (full 1):
 PSYoungGen      total 146432K, used 133120K [0x00000000d5f80000, 0x00000000dfd80000, 0x0000000100000000)
  eden space 133120K, 100% used [0x00000000d5f80000,0x00000000de180000,0x00000000de180000)
  from space 13312K, 0% used [0x00000000df080000,0x00000000df080000,0x00000000dfd80000)
  to   space 14336K, 0% used [0x00000000de180000,0x00000000de180000,0x00000000def80000)
 ParOldGen       total 80384K, used 17727K [0x0000000081e00000, 0x0000000086c80000, 0x00000000d5f80000)
  object space 80384K, 22% used [0x0000000081e00000,0x0000000082f4fc60,0x0000000086c80000)
 Metaspace       used 25829K, capacity 26516K, committed 26624K, reserved 1073152K
  class space    used 3088K, capacity 3281K, committed 3328K, reserved 1048576K
Event: 13.242 GC heap after
Heap after GC invocations=8 (full 1):
 PSYoungGen      total 147456K, used 8260K [0x00000000d5f80000, 0x00000000e2d00000, 0x0000000100000000)
  eden space 133120K, 0% used [0x00000000d5f80000,0x00000000d5f80000,0x00000000de180000)
  from space 14336K, 57% used [0x00000000de180000,0x00000000de9912e0,0x00000000def80000)
  to   space 13824K, 0% used [0x00000000e1f80000,0x00000000e1f80000,0x00000000e2d00000)
 ParOldGen       total 80384K, used 17799K [0x0000000081e00000, 0x0000000086c80000, 0x00000000d5f80000)
  object space 80384K, 22% used [0x0000000081e00000,0x0000000082f61c70,0x0000000086c80000)
 Metaspace       used 25829K, capacity 26516K, committed 26624K, reserved 1073152K
  class space    used 3088K, capacity 3281K, committed 3328K, reserved 1048576K
}
Event: 14.519 GC heap before
{Heap before GC invocations=9 (full 1):
 PSYoungGen      total 147456K, used 141380K [0x00000000d5f80000, 0x00000000e2d00000, 0x0000000100000000)
  eden space 133120K, 100% used [0x00000000d5f80000,0x00000000de180000,0x00000000de180000)
  from space 14336K, 57% used [0x00000000de180000,0x00000000de9912e0,0x00000000def80000)
  to   space 13824K, 0% used [0x00000000e1f80000,0x00000000e1f80000,0x00000000e2d00000)
 ParOldGen       total 80384K, used 17799K [0x0000000081e00000, 0x0000000086c80000, 0x00000000d5f80000)
  object space 80384K, 22% used [0x0000000081e00000,0x0000000082f61c70,0x0000000086c80000)
 Metaspace       used 26735K, capacity 27386K, committed 27520K, reserved 1073152K
  class space    used 3178K, capacity 3379K, committed 3456K, reserved 1048576K
Event: 14.583 GC heap after
Heap after GC invocations=9 (full 1):
 PSYoungGen      total 186880K, used 13814K [0x00000000d5f80000, 0x00000000e5600000, 0x0000000100000000)
  eden space 173056K, 0% used [0x00000000d5f80000,0x00000000d5f80000,0x00000000e0880000)
  from space 13824K, 99% used [0x00000000e1f80000,0x00000000e2cfd938,0x00000000e2d00000)
  to   space 23552K, 0% used [0x00000000e0880000,0x00000000e0880000,0x00000000e1f80000)
 ParOldGen       total 80384K, used 36721K [0x0000000081e00000, 0x0000000086c80000, 0x00000000d5f80000)
  object space 80384K, 45% used [0x0000000081e00000,0x00000000841dc498,0x0000000086c80000)
 Metaspace       used 26735K, capacity 27386K, committed 27520K, reserved 1073152K
  class space    used 3178K, capacity 3379K, committed 3456K, reserved 1048576K
}
Event: 15.988 GC heap before
{Heap before GC invocations=10 (full 1):
 PSYoungGen      total 186880K, used 186870K [0x00000000d5f80000, 0x00000000e5600000, 0x0000000100000000)
  eden space 173056K, 100% used [0x00000000d5f80000,0x00000000e0880000,0x00000000e0880000)
  from space 13824K, 99% used [0x00000000e1f80000,0x00000000e2cfd938,0x00000000e2d00000)
  to   space 23552K, 0% used [0x00000000e0880000,0x00000000e0880000,0x00000000e1f80000)
 ParOldGen       total 80384K, used 36722K [0x0000000081e00000, 0x0000000086c80000, 0x00000000d5f80000)
  object space 80384K, 45% used [0x0000000081e00000,0x00000000841dc8e0,0x0000000086c80000)
 Metaspace       used 26757K, capacity 27450K, committed 27776K, reserved 1073152K
  class space    used 3179K, capacity 3379K, committed 3456K, reserved 1048576K
Event: 16.052 GC heap after
Heap after GC invocations=10 (full 1):
 PSYoungGen      total 196608K, used 23542K [0x00000000d5f80000, 0x00000000e5600000, 0x0000000100000000)
  eden space 173056K, 0% used [0x00000000d5f80000,0x00000000d5f80000,0x00000000e0880000)
  from space 23552K, 99% used [0x00000000e0880000,0x00000000e1f7daf8,0x00000000e1f80000)
  to   space 13824K, 0% used [0x00000000e1f80000,0x00000000e1f80000,0x00000000e2d00000)
 ParOldGen       total 80384K, used 68023K [0x0000000081e00000, 0x0000000086c80000, 0x00000000d5f80000)
  object space 80384K, 84% used [0x0000000081e00000,0x000000008606dd90,0x0000000086c80000)
 Metaspace       used 26757K, capacity 27450K, committed 27776K, reserved 1073152K
  class space    used 3179K, capacity 3379K, committed 3456K, reserved 1048576K
}
Event: 16.052 GC heap before
{Heap before GC invocations=11 (full 2):
 PSYoungGen      total 196608K, used 23542K [0x00000000d5f80000, 0x00000000e5600000, 0x0000000100000000)
  eden space 173056K, 0% used [0x00000000d5f80000,0x00000000d5f80000,0x00000000e0880000)
  from space 23552K, 99% used [0x00000000e0880000,0x00000000e1f7daf8,0x00000000e1f80000)
  to   space 13824K, 0% used [0x00000000e1f80000,0x00000000e1f80000,0x00000000e2d00000)
 ParOldGen       total 80384K, used 68023K [0x0000000081e00000, 0x0000000086c80000, 0x00000000d5f80000)
  object space 80384K, 84% used [0x0000000081e00000,0x000000008606dd90,0x0000000086c80000)
 Metaspace       used 26757K, capacity 27450K, committed 27776K, reserved 1073152K
  class space    used 3179K, capacity 3379K, committed 3456K, reserved 1048576K
Event: 16.215 GC heap after
Heap after GC invocations=11 (full 2):
 PSYoungGen      total 196608K, used 0K [0x00000000d5f80000, 0x00000000e5600000, 0x0000000100000000)
  eden space 173056K, 0% used [0x00000000d5f80000,0x00000000d5f80000,0x00000000e0880000)
  from space 23552K, 0% used [0x00000000e0880000,0x00000000e0880000,0x00000000e1f80000)
  to   space 13824K, 0% used [0x00000000e1f80000,0x00000000e1f80000,0x00000000e2d00000)
 ParOldGen       total 80384K, used 69891K [0x0000000081e00000, 0x0000000086c80000, 0x00000000d5f80000)
  object space 80384K, 86% used [0x0000000081e00000,0x0000000086240e98,0x0000000086c80000)
 Metaspace       used 26757K, capacity 27450K, committed 27776K, reserved 1073152K
  class space    used 3179K, capacity 3379K, committed 3456K, reserved 1048576K
}

Deoptimization events (10 events):
Event: 13.515 Thread 0x0000000019563000 Uncommon trap: reason=class_check action=maybe_recompile pc=0x0000000003ad9e28 method=java.util.zip.InflaterInputStream.read([BII)I @ 100
Event: 13.515 Thread 0x0000000019563000 Uncommon trap: reason=class_check action=maybe_recompile pc=0x0000000003ad9e28 method=java.util.zip.InflaterInputStream.read([BII)I @ 100
Event: 13.515 Thread 0x0000000019563000 Uncommon trap: reason=null_check action=make_not_entrant pc=0x0000000003768338 method=java.lang.StringCoding.deref(Ljava/lang/ThreadLocal;)Ljava/lang/Object; @ 4
Event: 13.516 Thread 0x0000000019563000 Uncommon trap: reason=class_check action=maybe_recompile pc=0x0000000003ad9e28 method=java.util.zip.InflaterInputStream.read([BII)I @ 100
Event: 13.516 Thread 0x0000000019563000 Uncommon trap: reason=class_check action=maybe_recompile pc=0x0000000003ad9e28 method=java.util.zip.InflaterInputStream.read([BII)I @ 100
Event: 13.518 Thread 0x0000000019565000 Uncommon trap: reason=null_check action=make_not_entrant pc=0x0000000003795910 method=java.lang.StringCoding.deref(Ljava/lang/ThreadLocal;)Ljava/lang/Object; @ 4
Event: 13.538 Thread 0x0000000019565000 Uncommon trap: reason=unreached action=reinterpret pc=0x0000000002f4bc38 method=org.codehaus.plexus.classworlds.realm.ClassRealm.loadClassFromSelf(Ljava/lang/String;)Ljava/lang/Class; @ 15
Event: 13.538 Thread 0x0000000019c62000 Uncommon trap: reason=unreached action=reinterpret pc=0x0000000002f4bc38 method=org.codehaus.plexus.classworlds.realm.ClassRealm.loadClassFromSelf(Ljava/lang/String;)Ljava/lang/Class; @ 15
Event: 13.567 Thread 0x0000000019563000 Uncommon trap: reason=unreached action=reinterpret pc=0x00000000031639b8 method=java.util.concurrent.ConcurrentHashMap.putVal(Ljava/lang/Object;Ljava/lang/Object;Z)Ljava/lang/Object; @ 147
Event: 14.445 Thread 0x0000000019a19000 Uncommon trap: reason=unreached action=reinterpret pc=0x000000000303b6cc method=org.objectweb.asm.ClassReader.b(Lorg/objectweb/asm/ClassVisitor;Lorg/objectweb/asm/Context;I)I @ 1068

Internal exceptions (10 events):
Event: 13.538 Thread 0x0000000019563000 Exception <a 'java/security/PrivilegedActionException'> (0x00000000d84a5f18) thrown at [D:\re\workspace\8-2-build-windows-amd64-cygwin\jdk8u25\1677\hotspot\src\share\vm\prims\jvm.cpp, line 1312]
Event: 13.538 Thread 0x0000000019565000 Exception <a 'java/security/PrivilegedActionException'> (0x00000000d852d3e8) thrown at [D:\re\workspace\8-2-build-windows-amd64-cygwin\jdk8u25\1677\hotspot\src\share\vm\prims\jvm.cpp, line 1312]
Event: 13.540 Thread 0x0000000019565000 Exception <a 'java/security/PrivilegedActionException'> (0x00000000d8534078) thrown at [D:\re\workspace\8-2-build-windows-amd64-cygwin\jdk8u25\1677\hotspot\src\share\vm\prims\jvm.cpp, line 1312]
Event: 13.540 Thread 0x0000000019c62000 Exception <a 'java/security/PrivilegedActionException'> (0x00000000d8567d10) thrown at [D:\re\workspace\8-2-build-windows-amd64-cygwin\jdk8u25\1677\hotspot\src\share\vm\prims\jvm.cpp, line 1312]
Event: 13.540 Thread 0x0000000019c62000 Exception <a 'java/security/PrivilegedActionException'> (0x00000000d8568c18) thrown at [D:\re\workspace\8-2-build-windows-amd64-cygwin\jdk8u25\1677\hotspot\src\share\vm\prims\jvm.cpp, line 1312]
Event: 13.540 Thread 0x000000001a8e0000 Exception <a 'java/security/PrivilegedActionException'> (0x00000000d8647110) thrown at [D:\re\workspace\8-2-build-windows-amd64-cygwin\jdk8u25\1677\hotspot\src\share\vm\prims\jvm.cpp, line 1312]
Event: 13.559 Thread 0x0000000019c62000 Exception <a 'java/security/PrivilegedActionException'> (0x00000000d8586358) thrown at [D:\re\workspace\8-2-build-windows-amd64-cygwin\jdk8u25\1677\hotspot\src\share\vm\prims\jvm.cpp, line 1312]
Event: 15.952 Thread 0x0000000019563000 Exception <a 'java/lang/OutOfMemoryError'> (0x00000000e0492f30) thrown at [D:\re\workspace\8-2-build-windows-amd64-cygwin\jdk8u25\1677\hotspot\src\share\vm\prims\jni.cpp, line 742]
Event: 15.954 Thread 0x0000000019c62000 Exception <a 'java/lang/OutOfMemoryError'> (0x00000000e0321090) thrown at [D:\re\workspace\8-2-build-windows-amd64-cygwin\jdk8u25\1677\hotspot\src\share\vm\prims\jni.cpp, line 742]
Event: 15.956 Thread 0x000000001a89c800 Exception <a 'java/lang/OutOfMemoryError'> (0x00000000e04bbb38) thrown at [D:\re\workspace\8-2-build-windows-amd64-cygwin\jdk8u25\1677\hotspot\src\share\vm\prims\jni.cpp, line 742]

Events (10 events):
Event: 16.215 Executing VM operation: RevokeBias done
Event: 16.215 Executing VM operation: RevokeBias
Event: 16.215 Executing VM operation: RevokeBias done
Event: 16.216 Executing VM operation: RevokeBias
Event: 16.216 Executing VM operation: RevokeBias done
Event: 16.216 Thread 0x000000001791d800 flushing nmethod 0x0000000003249310
Event: 16.220 Executing VM operation: RevokeBias
Event: 16.221 Executing VM operation: RevokeBias done
Event: 16.221 Executing VM operation: RevokeBias
Event: 16.221 Executing VM operation: RevokeBias done


Dynamic libraries:
0x00007ff6f6ec0000 - 0x00007ff6f6ef4000 	E:\IntelliJIDEA\jdk\bin\java.exe
0x00007ff8b12d0000 - 0x00007ff8b147c000 	C:\WINDOWS\SYSTEM32\ntdll.dll
0x00007ff8b0ef0000 - 0x00007ff8b102a000 	C:\WINDOWS\system32\KERNEL32.DLL
0x00007ff8ae710000 - 0x00007ff8ae81f000 	C:\WINDOWS\system32\KERNELBASE.dll
0x00007ff8ad250000 - 0x00007ff8ad2d8000 	C:\WINDOWS\system32\apphelp.dll
0x00007ff8a4e80000 - 0x00007ff8a4ecf000 	C:\WINDOWS\AppPatch\AppPatch64\AcGenral.DLL
0x00007ff8b1040000 - 0x00007ff8b10e7000 	C:\WINDOWS\system32\msvcrt.dll
0x00007ff8ae4f0000 - 0x00007ff8ae51b000 	C:\WINDOWS\SYSTEM32\SspiCli.dll
0x00007ff8b0e90000 - 0x00007ff8b0ee1000 	C:\WINDOWS\system32\SHLWAPI.dll
0x00007ff8b06d0000 - 0x00007ff8b0841000 	C:\WINDOWS\system32\USER32.dll
0x00007ff8aff60000 - 0x00007ff8b00d8000 	C:\WINDOWS\system32\ole32.dll
0x00007ff8aeb50000 - 0x00007ff8aff5f000 	C:\WINDOWS\system32\SHELL32.dll
0x00007ff8adcb0000 - 0x00007ff8adcce000 	C:\WINDOWS\SYSTEM32\USERENV.dll
0x00007ff8b08d0000 - 0x00007ff8b0975000 	C:\WINDOWS\system32\ADVAPI32.dll
0x00007ff89d6e0000 - 0x00007ff89d6fb000 	C:\WINDOWS\SYSTEM32\MPR.dll
0x00007ff8b1130000 - 0x00007ff8b1267000 	C:\WINDOWS\system32\RPCRT4.dll
0x00007ff8b0e30000 - 0x00007ff8b0e87000 	C:\WINDOWS\SYSTEM32\sechost.dll
0x00007ff8b00e0000 - 0x00007ff8b02b6000 	C:\WINDOWS\SYSTEM32\combase.dll
0x00007ff8b04d0000 - 0x00007ff8b0614000 	C:\WINDOWS\system32\GDI32.dll
0x00007ff8ae640000 - 0x00007ff8ae654000 	C:\WINDOWS\SYSTEM32\profapi.dll
0x00007ff8acac0000 - 0x00007ff8acb5f000 	C:\WINDOWS\SYSTEM32\SHCORE.dll
0x00007ff8b10f0000 - 0x00007ff8b1124000 	C:\WINDOWS\system32\IMM32.DLL
0x00007ff8b02c0000 - 0x00007ff8b03f9000 	C:\WINDOWS\system32\MSCTF.dll
0x00007ff8abfc0000 - 0x00007ff8ac21a000 	C:\WINDOWS\WinSxS\amd64_microsoft.windows.common-controls_6595b64144ccf1df_6.0.9600.17031_none_6242a4b3ecbb55a1\COMCTL32.dll
0x000000006e3e0000 - 0x000000006e4b2000 	E:\IntelliJIDEA\jdk\jre\bin\msvcr100.dll
0x000000006ebf0000 - 0x000000006f44a000 	E:\IntelliJIDEA\jdk\jre\bin\server\jvm.dll
0x00007ff8aa340000 - 0x00007ff8aa349000 	C:\WINDOWS\SYSTEM32\WSOCK32.dll
0x00007ff89c570000 - 0x00007ff89c58f000 	C:\WINDOWS\SYSTEM32\WINMM.dll
0x00007ff8b0850000 - 0x00007ff8b0857000 	C:\WINDOWS\system32\PSAPI.DLL
0x00007ff8b0870000 - 0x00007ff8b08c8000 	C:\WINDOWS\system32\WS2_32.dll
0x00007ff89c540000 - 0x00007ff89c56a000 	C:\WINDOWS\SYSTEM32\WINMMBASE.dll
0x00007ff8b1030000 - 0x00007ff8b1039000 	C:\WINDOWS\system32\NSI.dll
0x00007ff8ae870000 - 0x00007ff8ae8ba000 	C:\WINDOWS\SYSTEM32\cfgmgr32.dll
0x00007ff8ad4a0000 - 0x00007ff8ad4c6000 	C:\WINDOWS\SYSTEM32\DEVOBJ.dll
0x000000006ebe0000 - 0x000000006ebef000 	E:\IntelliJIDEA\jdk\jre\bin\verify.dll
0x000000006ebb0000 - 0x000000006ebd8000 	E:\IntelliJIDEA\jdk\jre\bin\java.dll
0x000000006eb90000 - 0x000000006eba6000 	E:\IntelliJIDEA\jdk\jre\bin\zip.dll
0x00007ff8ab070000 - 0x00007ff8ab080000 	E:\IntelliJIDEA\bin\breakgen64.dll
0x000000006e980000 - 0x000000006e99a000 	E:\IntelliJIDEA\jdk\jre\bin\net.dll
0x00007ff8adf50000 - 0x00007ff8adfa8000 	C:\WINDOWS\system32\mswsock.dll
0x000000006e960000 - 0x000000006e971000 	E:\IntelliJIDEA\jdk\jre\bin\nio.dll
0x000000006e950000 - 0x000000006e95d000 	E:\IntelliJIDEA\jdk\jre\bin\management.dll
0x00007ff8a8ec0000 - 0x00007ff8a8ee9000 	C:\WINDOWS\SYSTEM32\IPHLPAPI.DLL
0x00007ff8a8ea0000 - 0x00007ff8a8eaa000 	C:\WINDOWS\SYSTEM32\WINNSI.DLL
0x00007ff8a8950000 - 0x00007ff8a8964000 	C:\WINDOWS\SYSTEM32\dhcpcsvc6.DLL
0x00007ff8a8b80000 - 0x00007ff8a8b99000 	C:\WINDOWS\SYSTEM32\dhcpcsvc.DLL

VM Arguments:
jvm_args: -Dmaven.home=E:\apache-maven-3.1.1 -Dclassworlds.conf=E:\apache-maven-3.1.1\bin\m2.conf -Didea.launcher.port=7532 -Didea.launcher.bin.path=E:\IntelliJIDEA\bin -Dfile.encoding=UTF-8 
java_command: com.intellij.rt.execution.application.AppMain org.codehaus.classworlds.Launcher -Didea.version=14.0.1 clean package jetty:run
java_class_path (initial): E:\apache-maven-3.1.1\boot\plexus-classworlds-2.5.1.jar;E:\IntelliJIDEA\lib\idea_rt.jar
Launcher Type: SUN_STANDARD

Environment Variables:
JAVA_HOME=e:\IntelliJIDEA\jdk
PATH=C:\Program Files (x86)\Intel\iCLS Client\;C:\Program Files\Intel\iCLS Client\;C:\WINDOWS\system32;C:\WINDOWS;C:\WINDOWS\System32\Wbem;C:\WINDOWS\System32\WindowsPowerShell\v1.0\;C:\Program Files\Intel\Intel(R) Management Engine Components\DAL;C:\Program Files\Intel\Intel(R) Management Engine Components\IPT;C:\Program Files (x86)\Intel\Intel(R) Management Engine Components\DAL;C:\Program Files (x86)\Intel\Intel(R) Management Engine Components\IPT;C:\Program Files (x86)\Intel\OpenCL SDK\2.0\bin\x86;C:\Program Files (x86)\Intel\OpenCL SDK\2.0\bin\x64;E:\apache-maven-3.1.1\bin;C:\Program Files\Microsoft SQL Server\110\Tools\Binn\;C:\Program Files\nodejs\;C:\MinGW\msys\1.0\bin;C:\Users\GigabitBY\AppData\Roaming\npm;C:\Program Files\nodejs;C:\MinGW\bin;C:\MinGW\msys\1.0\bin;E:\erlang\erl6.1\bin;e:\IntelliJIDEA\jdk\bin;C:\Program Files (x86)\Git\cmd;C:\Program Files (x86)\Git\bin
USERNAME=GigabitBY
OS=Windows_NT
PROCESSOR_IDENTIFIER=Intel64 Family 6 Model 58 Stepping 9, GenuineIntel



---------------  S Y S T E M  ---------------

OS: Windows 8.1 , 64 bit Build 9600 

CPU:total 4 (2 cores per cpu, 2 threads per core) family 6 model 58 stepping 9, cmov, cx8, fxsr, mmx, sse, sse2, sse3, ssse3, sse4.1, sse4.2, popcnt, avx, aes, clmul, erms, ht, tsc, tscinvbit, tscinv

Memory: 4k page, physical 8264984k(2228740k free), swap 8264984k(5124k free)

vm_info: Java HotSpot(TM) 64-Bit Server VM (25.25-b02) for windows-amd64 JRE (1.8.0_25-b18), built on Oct  7 2014 14:25:37 by "java_re" with MS VC++ 10.0 (VS2010)

time: Sat Feb 21 13:35:59 2015
elapsed time: 16 seconds (0d 0h 0m 16s)

